[debug] [2024-07-24T05:34:41.602Z] ----------------------------------------------------------------------
[debug] [2024-07-24T05:34:41.607Z] Command:       C:\Program Files\nodejs\node.exe C:\Users\Lenovo\AppData\Roaming\npm\node_modules\firebase-tools\lib\bin\firebase.js init
[debug] [2024-07-24T05:34:41.608Z] CLI Version:   13.14.0
[debug] [2024-07-24T05:34:41.608Z] Platform:      win32
[debug] [2024-07-24T05:34:41.608Z] Node Version:  v20.10.0
[debug] [2024-07-24T05:34:41.608Z] Time:          Wed Jul 24 2024 11:04:41 GMT+0530 (India Standard Time)
[debug] [2024-07-24T05:34:41.609Z] ----------------------------------------------------------------------
[debug] 
[debug] [2024-07-24T05:34:41.617Z] > command requires scopes: ["email","openid","https://www.googleapis.com/auth/cloudplatformprojects.readonly","https://www.googleapis.com/auth/firebase","https://www.googleapis.com/auth/cloud-platform"]
[debug] [2024-07-24T05:34:41.618Z] > authorizing via signed-in user (krishgo007@gmail.com)
[info] 
     ######## #### ########  ######## ########     ###     ######  ########
     ##        ##  ##     ## ##       ##     ##  ##   ##  ##       ##
     ######    ##  ########  ######   ########  #########  ######  ######
     ##        ##  ##    ##  ##       ##     ## ##     ##       ## ##
     ##       #### ##     ## ######## ########  ##     ##  ######  ########

You're about to initialize a Firebase project in this directory:

  C:\Users\Lenovo\Documents\workspace\AI-app

[info] 
=== Project Setup
[info] 
[info] First, let's associate this project directory with a Firebase project.
[info] You can create multiple project aliases by running firebase use --add, 
[info] but for now we'll just set up a default project.
[info] 
[debug] [2024-07-24T05:35:21.094Z] >>> [apiv2][query] GET https://firebase.googleapis.com/v1beta1/projects pageSize=100
[debug] [2024-07-24T05:35:21.925Z] <<< [apiv2][status] GET https://firebase.googleapis.com/v1beta1/projects 200
[debug] [2024-07-24T05:35:21.926Z] <<< [apiv2][body] GET https://firebase.googleapis.com/v1beta1/projects [omitted]
[info] i  Using project finedgai (FinEdgAI) 
[info] 
=== Hosting Setup
[debug] [2024-07-24T05:35:26.481Z] >>> [apiv2][query] GET https://firebase.googleapis.com/v1beta1/projects/finedgai [none]
[debug] [2024-07-24T05:35:26.840Z] <<< [apiv2][status] GET https://firebase.googleapis.com/v1beta1/projects/finedgai 200
[debug] [2024-07-24T05:35:26.840Z] <<< [apiv2][body] GET https://firebase.googleapis.com/v1beta1/projects/finedgai {"projectId":"finedgai","projectNumber":"241105811688","displayName":"FinEdgAI","name":"projects/finedgai","resources":{"hostingSite":"finedgai"},"state":"ACTIVE","etag":"1_1811d37f-8f21-48b5-a64a-5213a8718983"}
[info] 
[info] Your public directory is the folder (relative to your project directory) that
[info] will contain Hosting assets to be uploaded with firebase deploy. If you
[info] have a build process for your assets, use your build's output directory.
[info] 
[debug] [2024-07-24T05:35:38.701Z] >>> [apiv2][query] GET https://www.gstatic.com/firebasejs/releases.json [none]
[debug] [2024-07-24T05:35:38.861Z] <<< [apiv2][status] GET https://www.gstatic.com/firebasejs/releases.json 200
[debug] [2024-07-24T05:35:38.862Z] <<< [apiv2][body] GET https://www.gstatic.com/firebasejs/releases.json {"current":{"version":"10.12.4","browserURL":"https://www.gstatic.com/firebasejs/10.12.4/firebase.js","packageURL":"https://www.gstatic.com/firebasejs/10.12.4/firebase.tgz"},"live":{"version":"10.12","browserURL":"https://www.gstatic.com/firebasejs/live/10.12/firebase.js","packageURL":"https://www.gstatic.com/firebasejs/live/10.12/firebase.tgz"},"components":{"analytics":"https://www.gstatic.com/firebasejs/10.12.4/firebase-analytics.js","app":"https://www.gstatic.com/firebasejs/10.12.4/firebase-app.js","app-check":"https://www.gstatic.com/firebasejs/10.12.4/firebase-app-check.js","auth":"https://www.gstatic.com/firebasejs/10.12.4/firebase-auth.js","auth/cordova":"https://www.gstatic.com/firebasejs/10.12.4/firebase-auth/cordova.js","auth/web-extension":"https://www.gstatic.com/firebasejs/10.12.4/firebase-auth/web-extension.js","functions":"https://www.gstatic.com/firebasejs/10.12.4/firebase-functions.js","firestore":"https://www.gstatic.com/firebasejs/10.12.4/firebase-firestore.js","firestore/lite":"https://www.gstatic.com/firebasejs/10.12.4/firebase-firestore/lite.js","installations":"https://www.gstatic.com/firebasejs/10.12.4/firebase-installations.js","storage":"https://www.gstatic.com/firebasejs/10.12.4/firebase-storage.js","performance":"https://www.gstatic.com/firebasejs/10.12.4/firebase-performance.js","remote-config":"https://www.gstatic.com/firebasejs/10.12.4/firebase-remote-config.js","messaging":"https://www.gstatic.com/firebasejs/10.12.4/firebase-messaging.js","messaging/sw":"https://www.gstatic.com/firebasejs/10.12.4/firebase-messaging/sw.js","database":"https://www.gstatic.com/firebasejs/10.12.4/firebase-database.js","vertexai-preview":"https://www.gstatic.com/firebasejs/10.12.4/firebase-vertexai-preview.js","firestore.memory":"https://www.gstatic.com/firebasejs/10.12.4/firebase-firestore.memory.js"}}
[info] +  Wrote public/index.html 
[info] 
[info] i  Didn't detect a .git folder. Assuming C:\Users\Lenovo\Documents\workspace\AI-app is the project root. 
[info] i  Authorizing with GitHub to upload your service account to a GitHub repository's secrets store. 
[info] 
[info] Visit this URL on this device to log in:
[info] https://github.com/login/oauth/authorize?client_id=89cf50f02ac6aaed3484&state=913318061&redirect_uri=http%3A%2F%2Flocalhost%3A9005&scope=read%3Auser%20repo%20public_repo
[info] 
[info] Waiting for authentication...
[debug] [2024-07-24T05:36:41.675Z] >>> [apiv2][query] POST https://github.com/login/oauth/access_token [none]
[debug] [2024-07-24T05:36:41.676Z] >>> [apiv2][body] POST https://github.com/login/oauth/access_token [stream]
[debug] [2024-07-24T05:36:42.247Z] <<< [apiv2][status] POST https://github.com/login/oauth/access_token 200
[debug] [2024-07-24T05:36:42.247Z] <<< [apiv2][body] POST https://github.com/login/oauth/access_token {"access_token":"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","token_type":"bearer","scope":"read:user,repo"}
[debug] [2024-07-24T05:36:42.262Z] >>> [apiv2][query] GET https://api.github.com/user [none]
[debug] [2024-07-24T05:36:42.821Z] <<< [apiv2][status] GET https://api.github.com/user 200
[debug] [2024-07-24T05:36:42.821Z] <<< [apiv2][body] GET https://api.github.com/user {"login":"sgkrish007","id":29031817,"node_id":"MDQ6VXNlcjI5MDMxODE3","avatar_url":"https://avatars.githubusercontent.com/u/29031817?v=4","gravatar_id":"","url":"https://api.github.com/users/sgkrish007","html_url":"https://github.com/sgkrish007","followers_url":"https://api.github.com/users/sgkrish007/followers","following_url":"https://api.github.com/users/sgkrish007/following{/other_user}","gists_url":"https://api.github.com/users/sgkrish007/gists{/gist_id}","starred_url":"https://api.github.com/users/sgkrish007/starred{/owner}{/repo}","subscriptions_url":"https://api.github.com/users/sgkrish007/subscriptions","organizations_url":"https://api.github.com/users/sgkrish007/orgs","repos_url":"https://api.github.com/users/sgkrish007/repos","events_url":"https://api.github.com/users/sgkrish007/events{/privacy}","received_events_url":"https://api.github.com/users/sgkrish007/received_events","type":"User","site_admin":false,"name":"Gokula Krishnan","company":null,"blog":"","location":null,"email":null,"hireable":null,"bio":null,"twitter_username":null,"public_repos":1,"public_gists":0,"followers":0,"following":0,"created_at":"2017-05-29T04:32:50Z","updated_at":"2024-07-24T05:36:20Z","private_gists":0,"total_private_repos":1,"owned_private_repos":1,"disk_usage":2,"collaborators":0,"two_factor_authentication":true,"plan":{"name":"free","space":976562499,"collaborators":0,"private_repos":10000}}
[info] 
[info] +  Success! Logged into GitHub as sgkrish007 
[info] 
[debug] [2024-07-24T05:36:55.174Z] >>> [apiv2][query] GET https://api.github.com/repos//actions/secrets/public-key type=owner
[debug] [2024-07-24T05:36:55.584Z] <<< [apiv2][status] GET https://api.github.com/repos//actions/secrets/public-key 404
[debug] [2024-07-24T05:36:55.585Z] <<< [apiv2][body] GET https://api.github.com/repos//actions/secrets/public-key {"message":"Not Found","documentation_url":"https://docs.github.com/rest","status":"404"}
[info] 
[info] 
[error] !  The provided authorization cannot be used with this repository. If this repository is in an organization, did you remember to grant access? 
[info] 
[info] i  Action required: Visit this URL to ensure access has been granted to the appropriate organization(s) for the Firebase CLI GitHub OAuth App: 
[info] https://github.com/settings/connections/applications/89cf50f02ac6aaed3484
[info] 
[debug] [2024-07-24T05:36:56.817Z] >>> [apiv2][query] GET https://api.github.com/repos//actions/secrets/public-key type=owner
[debug] [2024-07-24T05:36:57.142Z] <<< [apiv2][status] GET https://api.github.com/repos//actions/secrets/public-key 404
[debug] [2024-07-24T05:36:57.143Z] <<< [apiv2][body] GET https://api.github.com/repos//actions/secrets/public-key {"message":"Not Found","documentation_url":"https://docs.github.com/rest","status":"404"}
[info] 
[info] 
[error] !  The provided authorization cannot be used with this repository. If this repository is in an organization, did you remember to grant access? 
[info] 
[info] i  Action required: Visit this URL to ensure access has been granted to the appropriate organization(s) for the Firebase CLI GitHub OAuth App: 
[info] https://github.com/settings/connections/applications/89cf50f02ac6aaed3484
[info] 
[debug] [2024-07-24T05:36:57.760Z] >>> [apiv2][query] GET https://api.github.com/repos//actions/secrets/public-key type=owner
[debug] [2024-07-24T05:36:58.075Z] <<< [apiv2][status] GET https://api.github.com/repos//actions/secrets/public-key 404
[debug] [2024-07-24T05:36:58.076Z] <<< [apiv2][body] GET https://api.github.com/repos//actions/secrets/public-key {"message":"Not Found","documentation_url":"https://docs.github.com/rest","status":"404"}
[info] 
[info] 
[error] !  The provided authorization cannot be used with this repository. If this repository is in an organization, did you remember to grant access? 
[info] 
[info] i  Action required: Visit this URL to ensure access has been granted to the appropriate organization(s) for the Firebase CLI GitHub OAuth App: 
[info] https://github.com/settings/connections/applications/89cf50f02ac6aaed3484
[info] 
